<?xml version="1.0" encoding="UTF-8"?>
<testng-results skipped="0" failed="0" ignored="0" total="1" passed="1">
  <reporter-output>
  </reporter-output>
  <suite name="suite" duration-ms="34" started-at="2018-12-09T06:06:46Z" finished-at="2018-12-09T06:06:46Z">
    <groups>
    </groups>
    <test name="Test" duration-ms="34" started-at="2018-12-09T06:06:46Z" finished-at="2018-12-09T06:06:46Z">
      <class name="NewTest">
        <test-method status="PASS" signature="test01()[pri:0, instance:NewTest@1593948d]" name="test01" duration-ms="10" started-at="2018-12-09T06:06:46Z" finished-at="2018-12-09T06:06:46Z">
          <reporter-output>
          </reporter-output>
        </test-method> <!-- test01 -->
      </class> <!-- NewTest -->
    </test> <!-- Test -->
  </suite> <!-- suite -->
</testng-results>
